<?xml version="1.0" encoding="UTF-8"?>
<!-- Generated by org.testng.reporters.JUnitReportReporter -->
<testsuite hostname="DESKTOP-CS1UR8R" failures="0" tests="1" name="Sample.Demo" time="1.805" errors="0" timestamp="2024-06-28T18:20:18 IST" skipped="0">
  <testcase classname="Sample.Demo" name="m1" time="1.805"/>
</testsuite> <!-- Sample.Demo -->
