<?xml version="1.0" encoding="UTF-8"?>
<!-- Generated by org.testng.reporters.JUnitReportReporter -->
<testsuite hostname="DESKTOP-CS1UR8R" failures="0" tests="3" name="TestSuite.Testcases" time="30.318" errors="0" timestamp="2024-06-28T18:34:25 IST" skipped="0">
  <testcase classname="TestSuite.Testcases" name="fetchURL" time="13.692">
    <system-out>
      <![CDATA[url]]>
    </system-out>
  </testcase> <!-- fetchURL -->
  <testcase classname="TestSuite.Testcases" name="fetchTitle" time="12.526">
    <system-out>
      <![CDATA[title]]>
    </system-out>
  </testcase> <!-- fetchTitle -->
  <testcase classname="TestSuite.Testcases" name="fetchTitle" time="4.100">
    <system-out>
      <![CDATA[title]]>
    </system-out>
  </testcase> <!-- fetchTitle -->
  <system-out>
    <![CDATA[openApp
url
openApp
title
openApp
title]]>
  </system-out>
</testsuite> <!-- TestSuite.Testcases -->
