<?xml version="1.0" encoding="UTF-8"?>
<!-- Generated by org.testng.reporters.JUnitReportReporter -->
<testsuite hostname="DESKTOP-CS1UR8R" failures="0" tests="4" name="com.amazon.registertest.RegisterTest" time="28.560" errors="0" timestamp="2024-08-09T10:46:42 IST" skipped="1">
  <testcase classname="com.amazon.registertest.RegisterTest" name="createUser_invalidData" time="9.536">
    <system-out>
      <![CDATA[createUser_invalidData for register Test]]>
    </system-out>
  </testcase> <!-- createUser_invalidData -->
  <testcase classname="com.amazon.registertest.RegisterTest" name="createUser_invalidData" time="9.518">
    <system-out>
      <![CDATA[createUser_invalidData for register Test]]>
    </system-out>
  </testcase> <!-- createUser_invalidData -->
  <testcase classname="com.amazon.registertest.RegisterTest" name="createUser_invalidData" time="9.506">
    <system-out>
      <![CDATA[createUser_invalidData for register Test]]>
    </system-out>
  </testcase> <!-- createUser_invalidData -->
  <testcase classname="com.amazon.registertest.RegisterTest" name="createUser_validData">
    <skipped/>
  </testcase> <!-- createUser_validData -->
  <system-out>
    <![CDATA[get SuiteConnections Done Sucessfully
PreCondition Done Sucessfully
BrowserSetup sucessfully
 login sucessfully
createUser_invalidData for register Test
 logout sucessfully
 login sucessfully
createUser_invalidData for register Test
 logout sucessfully
 login sucessfully
createUser_invalidData for register Test
 logout sucessfully
CloseBrowser Sucessfully
PostCondition Done Sucessfully
Terminate SuiteConnections Done Sucessfully]]>
  </system-out>
</testsuite> <!-- com.amazon.registertest.RegisterTest -->
