<?xml version="1.0" encoding="UTF-8"?>
<!-- Generated by org.testng.reporters.JUnitReportReporter -->
<testsuite hostname="DESKTOP-CS1UR8R" failures="0" tests="4" name="com.amazon.registertest.RegisterTest" time="4.511" errors="0" timestamp="2024-09-11T17:12:05 IST" skipped="0">
  <testcase classname="com.amazon.registertest.RegisterTest" name="registerValidData" time="4.271"/>
  <system-out/>
  <testcase classname="com.amazon.registertest.RegisterTest" name="validateRegisterButtoncolour" time="0.082"/>
  <system-out/>
  <testcase classname="com.amazon.registertest.RegisterTest" name="validateRegisterButtonsize" time="0.078"/>
  <system-out/>
  <testcase classname="com.amazon.registertest.RegisterTest" name="validateRegisterButtonposition" time="0.080"/>
  <system-out/>
</testsuite> <!-- com.amazon.registertest.RegisterTest -->
