<?xml version="1.0" encoding="UTF-8"?>
<!-- Generated by org.testng.reporters.JUnitReportReporter -->
<testsuite hostname="DESKTOP-CS1UR8R" failures="0" tests="1" name="com.Amazonkart.kidsproducttest.KidsProductTest4" time="0.002" errors="0" timestamp="2024-08-02T12:00:14 IST" skipped="0">
  <testcase classname="com.Amazonkart.kidsproducttest.KidsProductTest4" name="addProduct" time="0.002">
    <system-out>
      <![CDATA[Addproduct--Kids Product sucessfully]]>
    </system-out>
  </testcase> <!-- addProduct -->
  <system-out>
    <![CDATA[Addproduct--Kids Product sucessfully
Addproduct--Kids Product sucessfully
Addproduct--Kids Product sucessfully
Addproduct--Kids Product sucessfully
Addproduct--Kids Product sucessfully
Addproduct--Kids Product sucessfully
DeleteProduct--Kids Product sucessfully
DeleteProduct--Kids Product sucessfully
DeleteProduct--Kids Product sucessfully
DeleteProduct--Kids Product sucessfully
DeleteProduct--Kids Product sucessfully]]>
  </system-out>
</testsuite> <!-- com.Amazonkart.kidsproducttest.KidsProductTest4 -->
