<?xml version="1.0" encoding="UTF-8"?>
<!-- Generated by org.testng.reporters.JUnitReportReporter -->
<testsuite hostname="DESKTOP-CS1UR8R" failures="0" tests="3" name="TestSuite.Amazon" time="28.241" errors="0" timestamp="2024-06-29T13:06:37 IST" skipped="0">
  <testcase classname="TestSuite.Amazon" name="fetchURL" time="12.753">
    <system-out>
      <![CDATA[url:https://www.amazon.in/]]>
    </system-out>
  </testcase> <!-- fetchURL -->
  <testcase classname="TestSuite.Amazon" name="fetchTitle" time="5.196">
    <system-out>
      <![CDATA[title:Online Shopping site in India: Shop Online for Mobiles, Books, Watches, Shoes and More - Amazon.in
search box is displayed]]>
    </system-out>
  </testcase> <!-- fetchTitle -->
  <testcase classname="TestSuite.Amazon" name="fetchTitle" time="10.292">
    <system-out>
      <![CDATA[title:Online Shopping site in India: Shop Online for Mobiles, Books, Watches, Shoes and More - Amazon.in
search box is displayed]]>
    </system-out>
  </testcase> <!-- fetchTitle -->
  <system-out>
    <![CDATA[jdbc connected
connected
Disconnected
App opened
url:https://www.amazon.in/
browser is close
title:Online Shopping site in India: Shop Online for Mobiles, Books, Watches, Shoes and More - Amazon.in
search box is displayed
browser is close
title:Online Shopping site in India: Shop Online for Mobiles, Books, Watches, Shoes and More - Amazon.in
search box is displayed
browser is close
App closed
jdbc Disconnected]]>
  </system-out>
</testsuite> <!-- TestSuite.Amazon -->
