<?xml version="1.0" encoding="UTF-8"?>
<!-- Generated by org.testng.reporters.JUnitReportReporter -->
<testsuite hostname="DESKTOP-CS1UR8R" failures="0" tests="3" name="TestSuite.Zomato" time="15.871" errors="0" timestamp="2024-06-28T18:40:37 IST" skipped="0">
  <testcase classname="TestSuite.Zomato" name="fetchURL" time="4.345">
    <system-out>
      <![CDATA[url]]>
    </system-out>
  </testcase> <!-- fetchURL -->
  <testcase classname="TestSuite.Zomato" name="fetchTitle" time="4.888">
    <system-out>
      <![CDATA[title]]>
    </system-out>
  </testcase> <!-- fetchTitle -->
  <testcase classname="TestSuite.Zomato" name="fetchTitle" time="6.638">
    <system-out>
      <![CDATA[title]]>
    </system-out>
  </testcase> <!-- fetchTitle -->
  <system-out>
    <![CDATA[openApp
url
openApp
title
openApp
title]]>
  </system-out>
</testsuite> <!-- TestSuite.Zomato -->
