<?xml version="1.0" encoding="UTF-8"?>
<!-- Generated by org.testng.reporters.JUnitReportReporter -->
<testsuite hostname="DESKTOP-CS1UR8R" failures="0" tests="3" name="TestSuite.Swiggy" time="10.562" errors="0" timestamp="2024-06-28T18:45:03 IST" skipped="0">
  <testcase classname="TestSuite.Swiggy" name="fetchURL" time="5.087">
    <system-out>
      <![CDATA[url]]>
    </system-out>
  </testcase> <!-- fetchURL -->
  <testcase classname="TestSuite.Swiggy" name="fetchTitle" time="2.255">
    <system-out>
      <![CDATA[title]]>
    </system-out>
  </testcase> <!-- fetchTitle -->
  <testcase classname="TestSuite.Swiggy" name="fetchTitle" time="3.220">
    <system-out>
      <![CDATA[title]]>
    </system-out>
  </testcase> <!-- fetchTitle -->
  <system-out>
    <![CDATA[openApp
url
openApp
title
openApp
title]]>
  </system-out>
</testsuite> <!-- TestSuite.Swiggy -->
